<?xml version="1.0" encoding="UTF-8"?>
<robot generator="Robot 3.2.1 (Python 3.8.2 on win32)" generated="20200910 22:18:20.373" rpa="false">
<suite id="s1" name="Example" source="C:\Users\steal\Documents\Projects\Python\POC\Robot\example.robot">
<test id="s1-t1" name="DMCD-2891: User is able to access Sauce Demo Site">
<kw name="Go to Sauce Demo Site" type="setup">
<doc>Open a Chrome Browser</doc>
<kw name="Open Browser" library="SeleniumLibrary">
<doc>Opens a new browser instance to the optional ``url``.</doc>
<arguments>
<arg>url=${URL}</arg>
<arg>browser=chrome</arg>
<arg>options=None</arg>
<arg>executable_path=${Chrome Path}</arg>
</arguments>
<msg timestamp="20200910 22:18:20.778" level="INFO">Opening browser 'chrome' to base url 'https://www.saucedemo.com/index.html'.</msg>
<status status="PASS" starttime="20200910 22:18:20.778" endtime="20200910 22:18:25.253"></status>
</kw>
<status status="PASS" starttime="20200910 22:18:20.777" endtime="20200910 22:18:25.254"></status>
</kw>
<kw name="Log To Console" library="BuiltIn">
<doc>Logs the given message to the console.</doc>
<arguments>
<arg>Starting Test</arg>
</arguments>
<status status="PASS" starttime="20200910 22:18:25.279" endtime="20200910 22:18:25.280"></status>
</kw>
<kw name="Sleep" library="BuiltIn">
<doc>Pauses the test executed for the given time.</doc>
<arguments>
<arg>5sec</arg>
<arg>reason=To see if opening browser works</arg>
</arguments>
<msg timestamp="20200910 22:18:30.287" level="INFO">Slept 5 seconds</msg>
<msg timestamp="20200910 22:18:30.287" level="INFO">To see if opening browser works</msg>
<status status="PASS" starttime="20200910 22:18:25.280" endtime="20200910 22:18:30.287"></status>
</kw>
<kw name="Close All Browsers" library="SeleniumLibrary" type="teardown">
<doc>Closes all open browsers and resets the browser cache.</doc>
<status status="PASS" starttime="20200910 22:18:30.288" endtime="20200910 22:18:33.595"></status>
</kw>
<doc>Making sure user can access Sauce Demo site</doc>
<status status="PASS" starttime="20200910 22:18:20.776" endtime="20200910 22:18:33.596" critical="yes"></status>
</test>
<doc>Example test</doc>
<status status="PASS" starttime="20200910 22:18:20.376" endtime="20200910 22:18:33.599"></status>
</suite>
<statistics>
<total>
<stat pass="1" fail="0">Critical Tests</stat>
<stat pass="1" fail="0">All Tests</stat>
</total>
<tag>
</tag>
<suite>
<stat pass="1" fail="0" id="s1" name="Example">Example</stat>
</suite>
</statistics>
<errors>
</errors>
</robot>
