<?xml version="1.0" encoding="UTF-8"?>
<robot generator="Robot 3.2.1 (Python 3.8.2 on win32)" generated="20201001 22:08:44.078" rpa="false">
<suite id="s1" name="Robot" source="C:\Users\steal\Documents\Projects\Python\POC\Robot">
<suite id="s1-s1" name="Example" source="C:\Users\steal\Documents\Projects\Python\POC\Robot\example.robot">
<kw name="Go to Sauce Demo Site" type="setup">
<doc>Open a Chrome Browser</doc>
<kw name="Open Browser" library="SeleniumLibrary">
<doc>Opens a new browser instance to the optional ``url``.</doc>
<arguments>
<arg>url=${URL}</arg>
<arg>browser=chrome</arg>
<arg>options=None</arg>
<arg>executable_path=${Chrome Path}</arg>
</arguments>
<msg timestamp="20201001 22:08:44.366" level="INFO">Opening browser 'chrome' to base url 'https://www.saucedemo.com/index.html'.</msg>
<status status="PASS" starttime="20201001 22:08:44.365" endtime="20201001 22:08:48.493"></status>
</kw>
<status status="PASS" starttime="20201001 22:08:44.365" endtime="20201001 22:08:48.493"></status>
</kw>
<test id="s1-s1-t1" name="DMCD-2891: User is able to access Sauce Demo Site">
<kw name="Log To Console" library="BuiltIn">
<doc>Logs the given message to the console.</doc>
<arguments>
<arg>Starting Test</arg>
</arguments>
<status status="PASS" starttime="20201001 22:08:48.495" endtime="20201001 22:08:48.495"></status>
</kw>
<kw name="Enter Username">
<doc>Enters username</doc>
<arguments>
<arg>standard_user</arg>
</arguments>
<kw name="Input Text" library="SeleniumLibrary">
<doc>Types the given ``text`` into the text field identified by ``locator``.</doc>
<arguments>
<arg>id:user-name</arg>
<arg>${username}</arg>
</arguments>
<msg timestamp="20201001 22:08:48.497" level="INFO">Typing text 'standard_user' into text field 'id:user-name'.</msg>
<status status="PASS" starttime="20201001 22:08:48.497" endtime="20201001 22:08:48.705"></status>
</kw>
<status status="PASS" starttime="20201001 22:08:48.496" endtime="20201001 22:08:48.705"></status>
</kw>
<kw name="Enter Password">
<doc>Enters password</doc>
<arguments>
<arg>secret_sauce</arg>
</arguments>
<kw name="Input Text" library="SeleniumLibrary">
<doc>Types the given ``text`` into the text field identified by ``locator``.</doc>
<arguments>
<arg>id:password</arg>
<arg>${password}</arg>
</arguments>
<msg timestamp="20201001 22:08:48.706" level="INFO">Typing text 'secret_sauce' into text field 'id:password'.</msg>
<status status="PASS" starttime="20201001 22:08:48.706" endtime="20201001 22:08:48.853"></status>
</kw>
<status status="PASS" starttime="20201001 22:08:48.706" endtime="20201001 22:08:48.854"></status>
</kw>
<kw name="Click Submit">
<doc>Clicks on submit button</doc>
<kw name="Click Button" library="SeleniumLibrary">
<doc>Clicks the button identified by ``locator``.</doc>
<arguments>
<arg>login-button</arg>
</arguments>
<msg timestamp="20201001 22:08:48.855" level="INFO">Clicking button 'login-button'.</msg>
<status status="PASS" starttime="20201001 22:08:48.855" endtime="20201001 22:08:49.362"></status>
</kw>
<status status="PASS" starttime="20201001 22:08:48.854" endtime="20201001 22:08:49.362"></status>
</kw>
<kw name="Sleep" library="BuiltIn">
<doc>Pauses the test executed for the given time.</doc>
<arguments>
<arg>5sec</arg>
<arg>reason=To see if opening browser works</arg>
</arguments>
<msg timestamp="20201001 22:08:54.377" level="INFO">Slept 5 seconds</msg>
<msg timestamp="20201001 22:08:54.377" level="INFO">To see if opening browser works</msg>
<status status="PASS" starttime="20201001 22:08:49.365" endtime="20201001 22:08:54.378"></status>
</kw>
<kw name="Get Title" library="SeleniumLibrary">
<doc>Returns the title of the current page.</doc>
<assign>
<var>${current title}</var>
</assign>
<msg timestamp="20201001 22:08:54.407" level="INFO">${current title} = Swag Labs</msg>
<status status="PASS" starttime="20201001 22:08:54.391" endtime="20201001 22:08:54.407"></status>
</kw>
<kw name="Get Location" library="SeleniumLibrary">
<doc>Returns the current browser window URL.</doc>
<assign>
<var>${current url}</var>
</assign>
<msg timestamp="20201001 22:08:54.424" level="INFO">${current url} = https://www.saucedemo.com/inventory.html</msg>
<status status="PASS" starttime="20201001 22:08:54.415" endtime="20201001 22:08:54.424"></status>
</kw>
<kw name="Should Be Equal" library="BuiltIn">
<doc>Fails if the given objects are unequal.</doc>
<arguments>
<arg>${current title}</arg>
<arg>Swag Labs</arg>
</arguments>
<status status="PASS" starttime="20201001 22:08:54.425" endtime="20201001 22:08:54.426"></status>
</kw>
<kw name="Should Be Equal" library="BuiltIn">
<doc>Fails if the given objects are unequal.</doc>
<arguments>
<arg>${current url}</arg>
<arg>https://www.saucedemo.com/inventory.html</arg>
</arguments>
<status status="PASS" starttime="20201001 22:08:54.426" endtime="20201001 22:08:54.426"></status>
</kw>
<doc>Making sure user can access Sauce Demo site</doc>
<status status="PASS" starttime="20201001 22:08:48.494" endtime="20201001 22:08:54.430" critical="yes"></status>
</test>
<kw name="Close All Browsers" library="SeleniumLibrary" type="teardown">
<doc>Closes all open browsers and resets the browser cache.</doc>
<status status="PASS" starttime="20201001 22:08:54.437" endtime="20201001 22:08:57.611"></status>
</kw>
<doc>Example test</doc>
<status status="PASS" starttime="20201001 22:08:44.114" endtime="20201001 22:08:57.611"></status>
</suite>
<status status="PASS" starttime="20201001 22:08:44.081" endtime="20201001 22:08:57.636"></status>
</suite>
<statistics>
<total>
<stat pass="1" fail="0">Critical Tests</stat>
<stat pass="1" fail="0">All Tests</stat>
</total>
<tag>
</tag>
<suite>
<stat pass="1" fail="0" id="s1" name="Robot">Robot</stat>
<stat pass="1" fail="0" id="s1-s1" name="Example">Robot.Example</stat>
</suite>
</statistics>
<errors>
</errors>
</robot>
